Состояние 24 конфликты: 1 сдвига/вывода
Состояние 52 конфликты: 1 сдвига/вывода
Состояние 94 конфликты: 3 сдвига/вывода


Грамматика

    0 $accept: Program $end

    1 Program: MainClass ClassDecls

    2 MainClass: CLASS ID '{' PUBLIC STATIC VOID MAIN '(' STRINGARR ID ')' '{' Statement '}' '}'

    3 ClassDecls: ClassDecl ClassDecls
    4           | /* пусто */

    5 ClassDecl: CLASS ID '{' VarDecls MethodDecls '}'
    6          | CLASS ID EXTERN ID '{' VarDecls MethodDecls '}'

    7 VarDecls: VarDecl VarDecls
    8         | /* пусто */

    9 VarDecl: Type ID ';'

   10 MethodDecls: MethodDecl MethodDecls
   11            | /* пусто */

   12 MethodDecl: PUBLIC Type ID '(' FormatList ')' '{' VarDecls Statements RETURN Exp ';' '}'

   13 FormatList: Type ID FormatListRest
   14           | /* пусто */

   15 FormatListRest: ',' Type ID FormatListRest
   16               | /* пусто */

   17 Type: INTARR
   18     | STRINGARR
   19     | INT
   20     | STRING
   21     | BOOL
   22     | ID

   23 Statement: '{' Statements '}'
   24          | IF '(' Exp ')' Statement ELSE Statement
   25          | WHILE '(' Exp ')' Statement
   26          | PRINT '(' Exp ')' ';'
   27          | ID '=' Exp ';'
   28          | ID '[' Exp ']' '=' Exp ';'

   29 Statements: Statement Statements
   30           | /* пусто */

   31 Exp: Exp BINOP Exp ';'
   32    | Exp '[' Exp ']'
   33    | Exp '.' LENGTH
   34    | Exp '.' ID '(' ExpList ')'
   35    | DIGIT
   36    | TRUE
   37    | FLASE
   38    | ID
   39    | THIS
   40    | NEW INT '[' Exp ']'
   41    | NEW ID '(' ')'
   42    | '!' Exp
   43    | '(' Exp ')'

   44 ExpList: Exp ExpListRest
   45        | /* пусто */

   46 ExpListRest: ',' Exp ExpListRest
   47            | /* пусто */


Терминальные символы с правилами, в которых они появляются

$end (0) 0
'!' (33) 42
'(' (40) 2 12 24 25 26 34 41 43
')' (41) 2 12 24 25 26 34 41 43
',' (44) 15 46
'.' (46) 33 34
';' (59) 9 12 26 27 28 31
'=' (61) 27 28
'[' (91) 28 32 40
']' (93) 28 32 40
'{' (123) 2 5 6 12 23
'}' (125) 2 5 6 12 23
error (256)
CLASS (258) 2 5 6
EXTERN (259) 6
NEW (260) 40 41
THIS (261) 39
PUBLIC (262) 2 12
STATIC (263) 2
IF (264) 24
WHILE (265) 25
TRUE (266) 36
FLASE (267) 37
ELSE (268) 24
PRINT (269) 26
MAIN (270) 2
RETURN (271) 12
LENGTH (272) 33
VOID (273) 2
INT (274) 19 40
BOOL (275) 21
INTARR (276) 17
STRING (277) 20
STRINGARR (278) 2 18
DIGIT (279) 35
ID (280) 2 5 6 9 12 13 15 22 27 28 34 38 41
BINOP (281) 31


Нетерминальные символы с правилами, в которых они появляются

$accept (38)
    налево: 0
Program (39)
    налево: 1, направо: 0
MainClass (40)
    налево: 2, направо: 1
ClassDecls (41)
    налево: 3 4, направо: 1 3
ClassDecl (42)
    налево: 5 6, направо: 3
VarDecls (43)
    налево: 7 8, направо: 5 6 7 12
VarDecl (44)
    налево: 9, направо: 7
MethodDecls (45)
    налево: 10 11, направо: 5 6 10
MethodDecl (46)
    налево: 12, направо: 10
FormatList (47)
    налево: 13 14, направо: 12
FormatListRest (48)
    налево: 15 16, направо: 13 15
Type (49)
    налево: 17 18 19 20 21 22, направо: 9 12 13 15
Statement (50)
    налево: 23 24 25 26 27 28, направо: 2 24 25 29
Statements (51)
    налево: 29 30, направо: 12 23 29
Exp (52)
    налево: 31 32 33 34 35 36 37 38 39 40 41 42 43, направо:
    12 24 25 26 27 28 31 32 33 34 40 42 43 44 46
ExpList (53)
    налево: 44 45, направо: 34
ExpListRest (54)
    налево: 46 47, направо: 44 46


состояние 0

    0 $accept: . Program $end

    CLASS  сдвиг, и переход в состояние 1

    Program    переход в состояние 2
    MainClass  переход в состояние 3


состояние 1

    2 MainClass: CLASS . ID '{' PUBLIC STATIC VOID MAIN '(' STRINGARR ID ')' '{' Statement '}' '}'

    ID  сдвиг, и переход в состояние 4


состояние 2

    0 $accept: Program . $end

    $end  сдвиг, и переход в состояние 5


состояние 3

    1 Program: MainClass . ClassDecls

    CLASS  сдвиг, и переход в состояние 6

    $default  вывод с использованием правила 4 (ClassDecls)

    ClassDecls  переход в состояние 7
    ClassDecl   переход в состояние 8


состояние 4

    2 MainClass: CLASS ID . '{' PUBLIC STATIC VOID MAIN '(' STRINGARR ID ')' '{' Statement '}' '}'

    '{'  сдвиг, и переход в состояние 9


состояние 5

    0 $accept: Program $end .

    $default  принять


состояние 6

    5 ClassDecl: CLASS . ID '{' VarDecls MethodDecls '}'
    6          | CLASS . ID EXTERN ID '{' VarDecls MethodDecls '}'

    ID  сдвиг, и переход в состояние 10


состояние 7

    1 Program: MainClass ClassDecls .

    $default  вывод с использованием правила 1 (Program)


состояние 8

    3 ClassDecls: ClassDecl . ClassDecls

    CLASS  сдвиг, и переход в состояние 6

    $default  вывод с использованием правила 4 (ClassDecls)

    ClassDecls  переход в состояние 11
    ClassDecl   переход в состояние 8


состояние 9

    2 MainClass: CLASS ID '{' . PUBLIC STATIC VOID MAIN '(' STRINGARR ID ')' '{' Statement '}' '}'

    PUBLIC  сдвиг, и переход в состояние 12


состояние 10

    5 ClassDecl: CLASS ID . '{' VarDecls MethodDecls '}'
    6          | CLASS ID . EXTERN ID '{' VarDecls MethodDecls '}'

    EXTERN  сдвиг, и переход в состояние 13
    '{'     сдвиг, и переход в состояние 14


состояние 11

    3 ClassDecls: ClassDecl ClassDecls .

    $default  вывод с использованием правила 3 (ClassDecls)


состояние 12

    2 MainClass: CLASS ID '{' PUBLIC . STATIC VOID MAIN '(' STRINGARR ID ')' '{' Statement '}' '}'

    STATIC  сдвиг, и переход в состояние 15


состояние 13

    6 ClassDecl: CLASS ID EXTERN . ID '{' VarDecls MethodDecls '}'

    ID  сдвиг, и переход в состояние 16


состояние 14

    5 ClassDecl: CLASS ID '{' . VarDecls MethodDecls '}'

    INT        сдвиг, и переход в состояние 17
    BOOL       сдвиг, и переход в состояние 18
    INTARR     сдвиг, и переход в состояние 19
    STRING     сдвиг, и переход в состояние 20
    STRINGARR  сдвиг, и переход в состояние 21
    ID         сдвиг, и переход в состояние 22

    $default  вывод с использованием правила 8 (VarDecls)

    VarDecls  переход в состояние 23
    VarDecl   переход в состояние 24
    Type      переход в состояние 25


состояние 15

    2 MainClass: CLASS ID '{' PUBLIC STATIC . VOID MAIN '(' STRINGARR ID ')' '{' Statement '}' '}'

    VOID  сдвиг, и переход в состояние 26


состояние 16

    6 ClassDecl: CLASS ID EXTERN ID . '{' VarDecls MethodDecls '}'

    '{'  сдвиг, и переход в состояние 27


состояние 17

   19 Type: INT .

    $default  вывод с использованием правила 19 (Type)


состояние 18

   21 Type: BOOL .

    $default  вывод с использованием правила 21 (Type)


состояние 19

   17 Type: INTARR .

    $default  вывод с использованием правила 17 (Type)


состояние 20

   20 Type: STRING .

    $default  вывод с использованием правила 20 (Type)


состояние 21

   18 Type: STRINGARR .

    $default  вывод с использованием правила 18 (Type)


состояние 22

   22 Type: ID .

    $default  вывод с использованием правила 22 (Type)


состояние 23

    5 ClassDecl: CLASS ID '{' VarDecls . MethodDecls '}'

    PUBLIC  сдвиг, и переход в состояние 28

    $default  вывод с использованием правила 11 (MethodDecls)

    MethodDecls  переход в состояние 29
    MethodDecl   переход в состояние 30


состояние 24

    7 VarDecls: VarDecl . VarDecls

    INT        сдвиг, и переход в состояние 17
    BOOL       сдвиг, и переход в состояние 18
    INTARR     сдвиг, и переход в состояние 19
    STRING     сдвиг, и переход в состояние 20
    STRINGARR  сдвиг, и переход в состояние 21
    ID         сдвиг, и переход в состояние 22

    ID        [вывод с использованием правила 8 (VarDecls)]
    $default  вывод с использованием правила 8 (VarDecls)

    VarDecls  переход в состояние 31
    VarDecl   переход в состояние 24
    Type      переход в состояние 25


состояние 25

    9 VarDecl: Type . ID ';'

    ID  сдвиг, и переход в состояние 32


состояние 26

    2 MainClass: CLASS ID '{' PUBLIC STATIC VOID . MAIN '(' STRINGARR ID ')' '{' Statement '}' '}'

    MAIN  сдвиг, и переход в состояние 33


состояние 27

    6 ClassDecl: CLASS ID EXTERN ID '{' . VarDecls MethodDecls '}'

    INT        сдвиг, и переход в состояние 17
    BOOL       сдвиг, и переход в состояние 18
    INTARR     сдвиг, и переход в состояние 19
    STRING     сдвиг, и переход в состояние 20
    STRINGARR  сдвиг, и переход в состояние 21
    ID         сдвиг, и переход в состояние 22

    $default  вывод с использованием правила 8 (VarDecls)

    VarDecls  переход в состояние 34
    VarDecl   переход в состояние 24
    Type      переход в состояние 25


состояние 28

   12 MethodDecl: PUBLIC . Type ID '(' FormatList ')' '{' VarDecls Statements RETURN Exp ';' '}'

    INT        сдвиг, и переход в состояние 17
    BOOL       сдвиг, и переход в состояние 18
    INTARR     сдвиг, и переход в состояние 19
    STRING     сдвиг, и переход в состояние 20
    STRINGARR  сдвиг, и переход в состояние 21
    ID         сдвиг, и переход в состояние 22

    Type  переход в состояние 35


состояние 29

    5 ClassDecl: CLASS ID '{' VarDecls MethodDecls . '}'

    '}'  сдвиг, и переход в состояние 36


состояние 30

   10 MethodDecls: MethodDecl . MethodDecls

    PUBLIC  сдвиг, и переход в состояние 28

    $default  вывод с использованием правила 11 (MethodDecls)

    MethodDecls  переход в состояние 37
    MethodDecl   переход в состояние 30


состояние 31

    7 VarDecls: VarDecl VarDecls .

    $default  вывод с использованием правила 7 (VarDecls)


состояние 32

    9 VarDecl: Type ID . ';'

    ';'  сдвиг, и переход в состояние 38


состояние 33

    2 MainClass: CLASS ID '{' PUBLIC STATIC VOID MAIN . '(' STRINGARR ID ')' '{' Statement '}' '}'

    '('  сдвиг, и переход в состояние 39


состояние 34

    6 ClassDecl: CLASS ID EXTERN ID '{' VarDecls . MethodDecls '}'

    PUBLIC  сдвиг, и переход в состояние 28

    $default  вывод с использованием правила 11 (MethodDecls)

    MethodDecls  переход в состояние 40
    MethodDecl   переход в состояние 30


состояние 35

   12 MethodDecl: PUBLIC Type . ID '(' FormatList ')' '{' VarDecls Statements RETURN Exp ';' '}'

    ID  сдвиг, и переход в состояние 41


состояние 36

    5 ClassDecl: CLASS ID '{' VarDecls MethodDecls '}' .

    $default  вывод с использованием правила 5 (ClassDecl)


состояние 37

   10 MethodDecls: MethodDecl MethodDecls .

    $default  вывод с использованием правила 10 (MethodDecls)


состояние 38

    9 VarDecl: Type ID ';' .

    $default  вывод с использованием правила 9 (VarDecl)


состояние 39

    2 MainClass: CLASS ID '{' PUBLIC STATIC VOID MAIN '(' . STRINGARR ID ')' '{' Statement '}' '}'

    STRINGARR  сдвиг, и переход в состояние 42


состояние 40

    6 ClassDecl: CLASS ID EXTERN ID '{' VarDecls MethodDecls . '}'

    '}'  сдвиг, и переход в состояние 43


состояние 41

   12 MethodDecl: PUBLIC Type ID . '(' FormatList ')' '{' VarDecls Statements RETURN Exp ';' '}'

    '('  сдвиг, и переход в состояние 44


состояние 42

    2 MainClass: CLASS ID '{' PUBLIC STATIC VOID MAIN '(' STRINGARR . ID ')' '{' Statement '}' '}'

    ID  сдвиг, и переход в состояние 45


состояние 43

    6 ClassDecl: CLASS ID EXTERN ID '{' VarDecls MethodDecls '}' .

    $default  вывод с использованием правила 6 (ClassDecl)


состояние 44

   12 MethodDecl: PUBLIC Type ID '(' . FormatList ')' '{' VarDecls Statements RETURN Exp ';' '}'

    INT        сдвиг, и переход в состояние 17
    BOOL       сдвиг, и переход в состояние 18
    INTARR     сдвиг, и переход в состояние 19
    STRING     сдвиг, и переход в состояние 20
    STRINGARR  сдвиг, и переход в состояние 21
    ID         сдвиг, и переход в состояние 22

    $default  вывод с использованием правила 14 (FormatList)

    FormatList  переход в состояние 46
    Type        переход в состояние 47


состояние 45

    2 MainClass: CLASS ID '{' PUBLIC STATIC VOID MAIN '(' STRINGARR ID . ')' '{' Statement '}' '}'

    ')'  сдвиг, и переход в состояние 48


состояние 46

   12 MethodDecl: PUBLIC Type ID '(' FormatList . ')' '{' VarDecls Statements RETURN Exp ';' '}'

    ')'  сдвиг, и переход в состояние 49


состояние 47

   13 FormatList: Type . ID FormatListRest

    ID  сдвиг, и переход в состояние 50


состояние 48

    2 MainClass: CLASS ID '{' PUBLIC STATIC VOID MAIN '(' STRINGARR ID ')' . '{' Statement '}' '}'

    '{'  сдвиг, и переход в состояние 51


состояние 49

   12 MethodDecl: PUBLIC Type ID '(' FormatList ')' . '{' VarDecls Statements RETURN Exp ';' '}'

    '{'  сдвиг, и переход в состояние 52


состояние 50

   13 FormatList: Type ID . FormatListRest

    ','  сдвиг, и переход в состояние 53

    $default  вывод с использованием правила 16 (FormatListRest)

    FormatListRest  переход в состояние 54


состояние 51

    2 MainClass: CLASS ID '{' PUBLIC STATIC VOID MAIN '(' STRINGARR ID ')' '{' . Statement '}' '}'

    IF     сдвиг, и переход в состояние 55
    WHILE  сдвиг, и переход в состояние 56
    PRINT  сдвиг, и переход в состояние 57
    ID     сдвиг, и переход в состояние 58
    '{'    сдвиг, и переход в состояние 59

    Statement  переход в состояние 60


состояние 52

   12 MethodDecl: PUBLIC Type ID '(' FormatList ')' '{' . VarDecls Statements RETURN Exp ';' '}'

    INT        сдвиг, и переход в состояние 17
    BOOL       сдвиг, и переход в состояние 18
    INTARR     сдвиг, и переход в состояние 19
    STRING     сдвиг, и переход в состояние 20
    STRINGARR  сдвиг, и переход в состояние 21
    ID         сдвиг, и переход в состояние 22

    ID        [вывод с использованием правила 8 (VarDecls)]
    $default  вывод с использованием правила 8 (VarDecls)

    VarDecls  переход в состояние 61
    VarDecl   переход в состояние 24
    Type      переход в состояние 25


состояние 53

   15 FormatListRest: ',' . Type ID FormatListRest

    INT        сдвиг, и переход в состояние 17
    BOOL       сдвиг, и переход в состояние 18
    INTARR     сдвиг, и переход в состояние 19
    STRING     сдвиг, и переход в состояние 20
    STRINGARR  сдвиг, и переход в состояние 21
    ID         сдвиг, и переход в состояние 22

    Type  переход в состояние 62


состояние 54

   13 FormatList: Type ID FormatListRest .

    $default  вывод с использованием правила 13 (FormatList)


состояние 55

   24 Statement: IF . '(' Exp ')' Statement ELSE Statement

    '('  сдвиг, и переход в состояние 63


состояние 56

   25 Statement: WHILE . '(' Exp ')' Statement

    '('  сдвиг, и переход в состояние 64


состояние 57

   26 Statement: PRINT . '(' Exp ')' ';'

    '('  сдвиг, и переход в состояние 65


состояние 58

   27 Statement: ID . '=' Exp ';'
   28          | ID . '[' Exp ']' '=' Exp ';'

    '='  сдвиг, и переход в состояние 66
    '['  сдвиг, и переход в состояние 67


состояние 59

   23 Statement: '{' . Statements '}'

    IF     сдвиг, и переход в состояние 55
    WHILE  сдвиг, и переход в состояние 56
    PRINT  сдвиг, и переход в состояние 57
    ID     сдвиг, и переход в состояние 58
    '{'    сдвиг, и переход в состояние 59

    $default  вывод с использованием правила 30 (Statements)

    Statement   переход в состояние 68
    Statements  переход в состояние 69


состояние 60

    2 MainClass: CLASS ID '{' PUBLIC STATIC VOID MAIN '(' STRINGARR ID ')' '{' Statement . '}' '}'

    '}'  сдвиг, и переход в состояние 70


состояние 61

   12 MethodDecl: PUBLIC Type ID '(' FormatList ')' '{' VarDecls . Statements RETURN Exp ';' '}'

    IF     сдвиг, и переход в состояние 55
    WHILE  сдвиг, и переход в состояние 56
    PRINT  сдвиг, и переход в состояние 57
    ID     сдвиг, и переход в состояние 58
    '{'    сдвиг, и переход в состояние 59

    $default  вывод с использованием правила 30 (Statements)

    Statement   переход в состояние 68
    Statements  переход в состояние 71


состояние 62

   15 FormatListRest: ',' Type . ID FormatListRest

    ID  сдвиг, и переход в состояние 72


состояние 63

   24 Statement: IF '(' . Exp ')' Statement ELSE Statement

    NEW    сдвиг, и переход в состояние 73
    THIS   сдвиг, и переход в состояние 74
    TRUE   сдвиг, и переход в состояние 75
    FLASE  сдвиг, и переход в состояние 76
    DIGIT  сдвиг, и переход в состояние 77
    ID     сдвиг, и переход в состояние 78
    '('    сдвиг, и переход в состояние 79
    '!'    сдвиг, и переход в состояние 80

    Exp  переход в состояние 81


состояние 64

   25 Statement: WHILE '(' . Exp ')' Statement

    NEW    сдвиг, и переход в состояние 73
    THIS   сдвиг, и переход в состояние 74
    TRUE   сдвиг, и переход в состояние 75
    FLASE  сдвиг, и переход в состояние 76
    DIGIT  сдвиг, и переход в состояние 77
    ID     сдвиг, и переход в состояние 78
    '('    сдвиг, и переход в состояние 79
    '!'    сдвиг, и переход в состояние 80

    Exp  переход в состояние 82


состояние 65

   26 Statement: PRINT '(' . Exp ')' ';'

    NEW    сдвиг, и переход в состояние 73
    THIS   сдвиг, и переход в состояние 74
    TRUE   сдвиг, и переход в состояние 75
    FLASE  сдвиг, и переход в состояние 76
    DIGIT  сдвиг, и переход в состояние 77
    ID     сдвиг, и переход в состояние 78
    '('    сдвиг, и переход в состояние 79
    '!'    сдвиг, и переход в состояние 80

    Exp  переход в состояние 83


состояние 66

   27 Statement: ID '=' . Exp ';'

    NEW    сдвиг, и переход в состояние 73
    THIS   сдвиг, и переход в состояние 74
    TRUE   сдвиг, и переход в состояние 75
    FLASE  сдвиг, и переход в состояние 76
    DIGIT  сдвиг, и переход в состояние 77
    ID     сдвиг, и переход в состояние 78
    '('    сдвиг, и переход в состояние 79
    '!'    сдвиг, и переход в состояние 80

    Exp  переход в состояние 84


состояние 67

   28 Statement: ID '[' . Exp ']' '=' Exp ';'

    NEW    сдвиг, и переход в состояние 73
    THIS   сдвиг, и переход в состояние 74
    TRUE   сдвиг, и переход в состояние 75
    FLASE  сдвиг, и переход в состояние 76
    DIGIT  сдвиг, и переход в состояние 77
    ID     сдвиг, и переход в состояние 78
    '('    сдвиг, и переход в состояние 79
    '!'    сдвиг, и переход в состояние 80

    Exp  переход в состояние 85


состояние 68

   29 Statements: Statement . Statements

    IF     сдвиг, и переход в состояние 55
    WHILE  сдвиг, и переход в состояние 56
    PRINT  сдвиг, и переход в состояние 57
    ID     сдвиг, и переход в состояние 58
    '{'    сдвиг, и переход в состояние 59

    $default  вывод с использованием правила 30 (Statements)

    Statement   переход в состояние 68
    Statements  переход в состояние 86


состояние 69

   23 Statement: '{' Statements . '}'

    '}'  сдвиг, и переход в состояние 87


состояние 70

    2 MainClass: CLASS ID '{' PUBLIC STATIC VOID MAIN '(' STRINGARR ID ')' '{' Statement '}' . '}'

    '}'  сдвиг, и переход в состояние 88


состояние 71

   12 MethodDecl: PUBLIC Type ID '(' FormatList ')' '{' VarDecls Statements . RETURN Exp ';' '}'

    RETURN  сдвиг, и переход в состояние 89


состояние 72

   15 FormatListRest: ',' Type ID . FormatListRest

    ','  сдвиг, и переход в состояние 53

    $default  вывод с использованием правила 16 (FormatListRest)

    FormatListRest  переход в состояние 90


состояние 73

   40 Exp: NEW . INT '[' Exp ']'
   41    | NEW . ID '(' ')'

    INT  сдвиг, и переход в состояние 91
    ID   сдвиг, и переход в состояние 92


состояние 74

   39 Exp: THIS .

    $default  вывод с использованием правила 39 (Exp)


состояние 75

   36 Exp: TRUE .

    $default  вывод с использованием правила 36 (Exp)


состояние 76

   37 Exp: FLASE .

    $default  вывод с использованием правила 37 (Exp)


состояние 77

   35 Exp: DIGIT .

    $default  вывод с использованием правила 35 (Exp)


состояние 78

   38 Exp: ID .

    $default  вывод с использованием правила 38 (Exp)


состояние 79

   43 Exp: '(' . Exp ')'

    NEW    сдвиг, и переход в состояние 73
    THIS   сдвиг, и переход в состояние 74
    TRUE   сдвиг, и переход в состояние 75
    FLASE  сдвиг, и переход в состояние 76
    DIGIT  сдвиг, и переход в состояние 77
    ID     сдвиг, и переход в состояние 78
    '('    сдвиг, и переход в состояние 79
    '!'    сдвиг, и переход в состояние 80

    Exp  переход в состояние 93


состояние 80

   42 Exp: '!' . Exp

    NEW    сдвиг, и переход в состояние 73
    THIS   сдвиг, и переход в состояние 74
    TRUE   сдвиг, и переход в состояние 75
    FLASE  сдвиг, и переход в состояние 76
    DIGIT  сдвиг, и переход в состояние 77
    ID     сдвиг, и переход в состояние 78
    '('    сдвиг, и переход в состояние 79
    '!'    сдвиг, и переход в состояние 80

    Exp  переход в состояние 94


состояние 81

   24 Statement: IF '(' Exp . ')' Statement ELSE Statement
   31 Exp: Exp . BINOP Exp ';'
   32    | Exp . '[' Exp ']'
   33    | Exp . '.' LENGTH
   34    | Exp . '.' ID '(' ExpList ')'

    BINOP  сдвиг, и переход в состояние 95
    ')'    сдвиг, и переход в состояние 96
    '['    сдвиг, и переход в состояние 97
    '.'    сдвиг, и переход в состояние 98


состояние 82

   25 Statement: WHILE '(' Exp . ')' Statement
   31 Exp: Exp . BINOP Exp ';'
   32    | Exp . '[' Exp ']'
   33    | Exp . '.' LENGTH
   34    | Exp . '.' ID '(' ExpList ')'

    BINOP  сдвиг, и переход в состояние 95
    ')'    сдвиг, и переход в состояние 99
    '['    сдвиг, и переход в состояние 97
    '.'    сдвиг, и переход в состояние 98


состояние 83

   26 Statement: PRINT '(' Exp . ')' ';'
   31 Exp: Exp . BINOP Exp ';'
   32    | Exp . '[' Exp ']'
   33    | Exp . '.' LENGTH
   34    | Exp . '.' ID '(' ExpList ')'

    BINOP  сдвиг, и переход в состояние 95
    ')'    сдвиг, и переход в состояние 100
    '['    сдвиг, и переход в состояние 97
    '.'    сдвиг, и переход в состояние 98


состояние 84

   27 Statement: ID '=' Exp . ';'
   31 Exp: Exp . BINOP Exp ';'
   32    | Exp . '[' Exp ']'
   33    | Exp . '.' LENGTH
   34    | Exp . '.' ID '(' ExpList ')'

    BINOP  сдвиг, и переход в состояние 95
    ';'    сдвиг, и переход в состояние 101
    '['    сдвиг, и переход в состояние 97
    '.'    сдвиг, и переход в состояние 98


состояние 85

   28 Statement: ID '[' Exp . ']' '=' Exp ';'
   31 Exp: Exp . BINOP Exp ';'
   32    | Exp . '[' Exp ']'
   33    | Exp . '.' LENGTH
   34    | Exp . '.' ID '(' ExpList ')'

    BINOP  сдвиг, и переход в состояние 95
    '['    сдвиг, и переход в состояние 97
    ']'    сдвиг, и переход в состояние 102
    '.'    сдвиг, и переход в состояние 98


состояние 86

   29 Statements: Statement Statements .

    $default  вывод с использованием правила 29 (Statements)


состояние 87

   23 Statement: '{' Statements '}' .

    $default  вывод с использованием правила 23 (Statement)


состояние 88

    2 MainClass: CLASS ID '{' PUBLIC STATIC VOID MAIN '(' STRINGARR ID ')' '{' Statement '}' '}' .

    $default  вывод с использованием правила 2 (MainClass)


состояние 89

   12 MethodDecl: PUBLIC Type ID '(' FormatList ')' '{' VarDecls Statements RETURN . Exp ';' '}'

    NEW    сдвиг, и переход в состояние 73
    THIS   сдвиг, и переход в состояние 74
    TRUE   сдвиг, и переход в состояние 75
    FLASE  сдвиг, и переход в состояние 76
    DIGIT  сдвиг, и переход в состояние 77
    ID     сдвиг, и переход в состояние 78
    '('    сдвиг, и переход в состояние 79
    '!'    сдвиг, и переход в состояние 80

    Exp  переход в состояние 103


состояние 90

   15 FormatListRest: ',' Type ID FormatListRest .

    $default  вывод с использованием правила 15 (FormatListRest)


состояние 91

   40 Exp: NEW INT . '[' Exp ']'

    '['  сдвиг, и переход в состояние 104


состояние 92

   41 Exp: NEW ID . '(' ')'

    '('  сдвиг, и переход в состояние 105


состояние 93

   31 Exp: Exp . BINOP Exp ';'
   32    | Exp . '[' Exp ']'
   33    | Exp . '.' LENGTH
   34    | Exp . '.' ID '(' ExpList ')'
   43    | '(' Exp . ')'

    BINOP  сдвиг, и переход в состояние 95
    ')'    сдвиг, и переход в состояние 106
    '['    сдвиг, и переход в состояние 97
    '.'    сдвиг, и переход в состояние 98


состояние 94

   31 Exp: Exp . BINOP Exp ';'
   32    | Exp . '[' Exp ']'
   33    | Exp . '.' LENGTH
   34    | Exp . '.' ID '(' ExpList ')'
   42    | '!' Exp .

    BINOP  сдвиг, и переход в состояние 95
    '['    сдвиг, и переход в состояние 97
    '.'    сдвиг, и переход в состояние 98

    BINOP     [вывод с использованием правила 42 (Exp)]
    '['       [вывод с использованием правила 42 (Exp)]
    '.'       [вывод с использованием правила 42 (Exp)]
    $default  вывод с использованием правила 42 (Exp)


состояние 95

   31 Exp: Exp BINOP . Exp ';'

    NEW    сдвиг, и переход в состояние 73
    THIS   сдвиг, и переход в состояние 74
    TRUE   сдвиг, и переход в состояние 75
    FLASE  сдвиг, и переход в состояние 76
    DIGIT  сдвиг, и переход в состояние 77
    ID     сдвиг, и переход в состояние 78
    '('    сдвиг, и переход в состояние 79
    '!'    сдвиг, и переход в состояние 80

    Exp  переход в состояние 107


состояние 96

   24 Statement: IF '(' Exp ')' . Statement ELSE Statement

    IF     сдвиг, и переход в состояние 55
    WHILE  сдвиг, и переход в состояние 56
    PRINT  сдвиг, и переход в состояние 57
    ID     сдвиг, и переход в состояние 58
    '{'    сдвиг, и переход в состояние 59

    Statement  переход в состояние 108


состояние 97

   32 Exp: Exp '[' . Exp ']'

    NEW    сдвиг, и переход в состояние 73
    THIS   сдвиг, и переход в состояние 74
    TRUE   сдвиг, и переход в состояние 75
    FLASE  сдвиг, и переход в состояние 76
    DIGIT  сдвиг, и переход в состояние 77
    ID     сдвиг, и переход в состояние 78
    '('    сдвиг, и переход в состояние 79
    '!'    сдвиг, и переход в состояние 80

    Exp  переход в состояние 109


состояние 98

   33 Exp: Exp '.' . LENGTH
   34    | Exp '.' . ID '(' ExpList ')'

    LENGTH  сдвиг, и переход в состояние 110
    ID      сдвиг, и переход в состояние 111


состояние 99

   25 Statement: WHILE '(' Exp ')' . Statement

    IF     сдвиг, и переход в состояние 55
    WHILE  сдвиг, и переход в состояние 56
    PRINT  сдвиг, и переход в состояние 57
    ID     сдвиг, и переход в состояние 58
    '{'    сдвиг, и переход в состояние 59

    Statement  переход в состояние 112


состояние 100

   26 Statement: PRINT '(' Exp ')' . ';'

    ';'  сдвиг, и переход в состояние 113


состояние 101

   27 Statement: ID '=' Exp ';' .

    $default  вывод с использованием правила 27 (Statement)


состояние 102

   28 Statement: ID '[' Exp ']' . '=' Exp ';'

    '='  сдвиг, и переход в состояние 114


состояние 103

   12 MethodDecl: PUBLIC Type ID '(' FormatList ')' '{' VarDecls Statements RETURN Exp . ';' '}'
   31 Exp: Exp . BINOP Exp ';'
   32    | Exp . '[' Exp ']'
   33    | Exp . '.' LENGTH
   34    | Exp . '.' ID '(' ExpList ')'

    BINOP  сдвиг, и переход в состояние 95
    ';'    сдвиг, и переход в состояние 115
    '['    сдвиг, и переход в состояние 97
    '.'    сдвиг, и переход в состояние 98


состояние 104

   40 Exp: NEW INT '[' . Exp ']'

    NEW    сдвиг, и переход в состояние 73
    THIS   сдвиг, и переход в состояние 74
    TRUE   сдвиг, и переход в состояние 75
    FLASE  сдвиг, и переход в состояние 76
    DIGIT  сдвиг, и переход в состояние 77
    ID     сдвиг, и переход в состояние 78
    '('    сдвиг, и переход в состояние 79
    '!'    сдвиг, и переход в состояние 80

    Exp  переход в состояние 116


состояние 105

   41 Exp: NEW ID '(' . ')'

    ')'  сдвиг, и переход в состояние 117


состояние 106

   43 Exp: '(' Exp ')' .

    $default  вывод с использованием правила 43 (Exp)


состояние 107

   31 Exp: Exp . BINOP Exp ';'
   31    | Exp BINOP Exp . ';'
   32    | Exp . '[' Exp ']'
   33    | Exp . '.' LENGTH
   34    | Exp . '.' ID '(' ExpList ')'

    BINOP  сдвиг, и переход в состояние 95
    ';'    сдвиг, и переход в состояние 118
    '['    сдвиг, и переход в состояние 97
    '.'    сдвиг, и переход в состояние 98


состояние 108

   24 Statement: IF '(' Exp ')' Statement . ELSE Statement

    ELSE  сдвиг, и переход в состояние 119


состояние 109

   31 Exp: Exp . BINOP Exp ';'
   32    | Exp . '[' Exp ']'
   32    | Exp '[' Exp . ']'
   33    | Exp . '.' LENGTH
   34    | Exp . '.' ID '(' ExpList ')'

    BINOP  сдвиг, и переход в состояние 95
    '['    сдвиг, и переход в состояние 97
    ']'    сдвиг, и переход в состояние 120
    '.'    сдвиг, и переход в состояние 98


состояние 110

   33 Exp: Exp '.' LENGTH .

    $default  вывод с использованием правила 33 (Exp)


состояние 111

   34 Exp: Exp '.' ID . '(' ExpList ')'

    '('  сдвиг, и переход в состояние 121


состояние 112

   25 Statement: WHILE '(' Exp ')' Statement .

    $default  вывод с использованием правила 25 (Statement)


состояние 113

   26 Statement: PRINT '(' Exp ')' ';' .

    $default  вывод с использованием правила 26 (Statement)


состояние 114

   28 Statement: ID '[' Exp ']' '=' . Exp ';'

    NEW    сдвиг, и переход в состояние 73
    THIS   сдвиг, и переход в состояние 74
    TRUE   сдвиг, и переход в состояние 75
    FLASE  сдвиг, и переход в состояние 76
    DIGIT  сдвиг, и переход в состояние 77
    ID     сдвиг, и переход в состояние 78
    '('    сдвиг, и переход в состояние 79
    '!'    сдвиг, и переход в состояние 80

    Exp  переход в состояние 122


состояние 115

   12 MethodDecl: PUBLIC Type ID '(' FormatList ')' '{' VarDecls Statements RETURN Exp ';' . '}'

    '}'  сдвиг, и переход в состояние 123


состояние 116

   31 Exp: Exp . BINOP Exp ';'
   32    | Exp . '[' Exp ']'
   33    | Exp . '.' LENGTH
   34    | Exp . '.' ID '(' ExpList ')'
   40    | NEW INT '[' Exp . ']'

    BINOP  сдвиг, и переход в состояние 95
    '['    сдвиг, и переход в состояние 97
    ']'    сдвиг, и переход в состояние 124
    '.'    сдвиг, и переход в состояние 98


состояние 117

   41 Exp: NEW ID '(' ')' .

    $default  вывод с использованием правила 41 (Exp)


состояние 118

   31 Exp: Exp BINOP Exp ';' .

    $default  вывод с использованием правила 31 (Exp)


состояние 119

   24 Statement: IF '(' Exp ')' Statement ELSE . Statement

    IF     сдвиг, и переход в состояние 55
    WHILE  сдвиг, и переход в состояние 56
    PRINT  сдвиг, и переход в состояние 57
    ID     сдвиг, и переход в состояние 58
    '{'    сдвиг, и переход в состояние 59

    Statement  переход в состояние 125


состояние 120

   32 Exp: Exp '[' Exp ']' .

    $default  вывод с использованием правила 32 (Exp)


состояние 121

   34 Exp: Exp '.' ID '(' . ExpList ')'

    NEW    сдвиг, и переход в состояние 73
    THIS   сдвиг, и переход в состояние 74
    TRUE   сдвиг, и переход в состояние 75
    FLASE  сдвиг, и переход в состояние 76
    DIGIT  сдвиг, и переход в состояние 77
    ID     сдвиг, и переход в состояние 78
    '('    сдвиг, и переход в состояние 79
    '!'    сдвиг, и переход в состояние 80

    $default  вывод с использованием правила 45 (ExpList)

    Exp      переход в состояние 126
    ExpList  переход в состояние 127


состояние 122

   28 Statement: ID '[' Exp ']' '=' Exp . ';'
   31 Exp: Exp . BINOP Exp ';'
   32    | Exp . '[' Exp ']'
   33    | Exp . '.' LENGTH
   34    | Exp . '.' ID '(' ExpList ')'

    BINOP  сдвиг, и переход в состояние 95
    ';'    сдвиг, и переход в состояние 128
    '['    сдвиг, и переход в состояние 97
    '.'    сдвиг, и переход в состояние 98


состояние 123

   12 MethodDecl: PUBLIC Type ID '(' FormatList ')' '{' VarDecls Statements RETURN Exp ';' '}' .

    $default  вывод с использованием правила 12 (MethodDecl)


состояние 124

   40 Exp: NEW INT '[' Exp ']' .

    $default  вывод с использованием правила 40 (Exp)


состояние 125

   24 Statement: IF '(' Exp ')' Statement ELSE Statement .

    $default  вывод с использованием правила 24 (Statement)


состояние 126

   31 Exp: Exp . BINOP Exp ';'
   32    | Exp . '[' Exp ']'
   33    | Exp . '.' LENGTH
   34    | Exp . '.' ID '(' ExpList ')'
   44 ExpList: Exp . ExpListRest

    BINOP  сдвиг, и переход в состояние 95
    ','    сдвиг, и переход в состояние 129
    '['    сдвиг, и переход в состояние 97
    '.'    сдвиг, и переход в состояние 98

    $default  вывод с использованием правила 47 (ExpListRest)

    ExpListRest  переход в состояние 130


состояние 127

   34 Exp: Exp '.' ID '(' ExpList . ')'

    ')'  сдвиг, и переход в состояние 131


состояние 128

   28 Statement: ID '[' Exp ']' '=' Exp ';' .

    $default  вывод с использованием правила 28 (Statement)


состояние 129

   46 ExpListRest: ',' . Exp ExpListRest

    NEW    сдвиг, и переход в состояние 73
    THIS   сдвиг, и переход в состояние 74
    TRUE   сдвиг, и переход в состояние 75
    FLASE  сдвиг, и переход в состояние 76
    DIGIT  сдвиг, и переход в состояние 77
    ID     сдвиг, и переход в состояние 78
    '('    сдвиг, и переход в состояние 79
    '!'    сдвиг, и переход в состояние 80

    Exp  переход в состояние 132


состояние 130

   44 ExpList: Exp ExpListRest .

    $default  вывод с использованием правила 44 (ExpList)


состояние 131

   34 Exp: Exp '.' ID '(' ExpList ')' .

    $default  вывод с использованием правила 34 (Exp)


состояние 132

   31 Exp: Exp . BINOP Exp ';'
   32    | Exp . '[' Exp ']'
   33    | Exp . '.' LENGTH
   34    | Exp . '.' ID '(' ExpList ')'
   46 ExpListRest: ',' Exp . ExpListRest

    BINOP  сдвиг, и переход в состояние 95
    ','    сдвиг, и переход в состояние 129
    '['    сдвиг, и переход в состояние 97
    '.'    сдвиг, и переход в состояние 98

    $default  вывод с использованием правила 47 (ExpListRest)

    ExpListRest  переход в состояние 133


состояние 133

   46 ExpListRest: ',' Exp ExpListRest .

    $default  вывод с использованием правила 46 (ExpListRest)
